2026-03-05 23:49:15,791 [INFO] ui.power_cycle - 串口刷新完成，共发现 0 个端口。
2026-03-05 23:49:53,476 [INFO] ui.power_cycle - 仿真模式 开启。
2026-03-05 23:49:55,460 [INFO] ui.power_cycle - 仿真模式 关闭。
2026-03-05 23:49:56,220 [INFO] ui.power_cycle - 仿真模式 开启。
2026-03-05 23:49:59,263 [INFO] ui.power_cycle - 仿真模式 关闭。
2026-03-05 23:51:34,690 [INFO] ui.power_cycle - 检测到 48 个蓝牙相关设备：
2026-03-05 23:51:34,691 [INFO] ui.power_cycle -   - 名称=UUID128 | 状态=OK | MAC=00:80:5F:9B:34:FB | Class=- | ID=BTHENUM\{00003333-0000-1000-8000-00805F9B34FB}_VID&000102B0_PID&0000\7&3B5EF62B&1&145120FFA114_C00000000
2026-03-05 23:51:34,692 [INFO] ui.power_cycle -   - 名称=HUAWEI FreeBuds 5i Avrcp  | 状态=OK | MAC=00:80:5F:9B:34:FB | Class=Bluetooth | ID=BTHENUM\{0000110E-0000-1000-8000-00805F9B34FB}_VID&000102B0_PID&0000\7&3B5EF62B&1&145120FFA114_C00000000
2026-03-05 23:51:34,694 [INFO] ui.power_cycle -   - 名称=豸Ϣ | 状态=OK | MAC=00:80:5F:9B:34:FB | Class=Bluetooth | ID=BTHLEDEVICE\{0000180A-0000-1000-8000-00805F9B34FB}_DEV_VID&01248A_PID&5865_REV&1023_F061EEA2D5A0\8&1F453904&0&0012
2026-03-05 23:51:34,696 [INFO] ui.power_cycle -   - 名称=- | 状态=OK | MAC=60:A5:E2:4D:4C:B5 | Class=SoftwareDevice | ID=SWD\RADIO\BLUETOOTH_60A5E24D4CB5
2026-03-05 23:51:34,697 [INFO] ui.power_cycle -   - 名称=I2C HID 豸 | 状态=OK | MAC=- | Class=HIDClass | ID=ACPI\DELL0A71\4&25020CEA&0
2026-03-05 23:51:35,335 [INFO] ui.power_cycle -   - 名称= HID ׼û豸 | 状态=OK | MAC=- | Class=HIDClass | ID=HID\CONVERTEDDEVICE&COL02\5&2204AA2D&0&0001
2026-03-05 23:51:35,336 [INFO] ui.power_cycle -   - 名称=ϵı׼ (COM3) | 状态=OK | MAC=00:80:5F:9B:34:FB | Class=Ports | ID=BTHENUM\{00001101-0000-1000-8000-00805F9B34FB}_VID&000102B0_PID&0000\7&24C23135&1&145120FFA114_C00000000
2026-03-05 23:51:35,340 [INFO] ui.power_cycle -   - 名称= LE ͨԷ | 状态=OK | MAC=00:80:5F:9B:34:FB | Class=Bluetooth | ID=BTHLEDEVICE\{0000180F-0000-1000-8000-00805F9B34FB}_DEV_VID&01248A_PID&5865_REV&1023_F061EEA2D5A0\8&1F453904&0&000E
2026-03-05 23:51:35,342 [INFO] ui.power_cycle -   - 名称=Яʽ豸װ | 状态=OK | MAC=- | Class=HIDClass | ID=HID\INTC816\3&36043C54&0&0000
2026-03-05 23:51:35,344 [INFO] ui.power_cycle -   - 名称=תЯʽ豸װ | 状态=OK | MAC=- | Class=HIDClass | ID=BUTTONCONVERTER\CONVERTEDDEVICE\4&11DFCD4A&0&0
2026-03-05 23:51:35,344 [INFO] ui.power_cycle -   - 名称=TONEMAC HS1 Avrcp  | 状态=OK | MAC=00:80:5F:9B:34:FB | Class=Bluetooth | ID=BTHENUM\{0000110C-0000-1000-8000-00805F9B34FB}_VID&000103E0_PID&301B\7&3B5EF62B&1&F44EFE00114C_C00000000
2026-03-05 23:51:35,345 [INFO] ui.power_cycle -   - 名称=PS/2  | 状态=Unknown | MAC=- | Class=Mouse | ID=ACPI\DLL0A71\4&5C9E0CF&0
2026-03-05 23:51:35,346 [INFO] ui.power_cycle -   - 名称=ͨ÷ļ | 状态=OK | MAC=00:80:5F:9B:34:FB | Class=Bluetooth | ID=BTHLEDEVICE\{00001800-0000-1000-8000-00805F9B34FB}_DEV_VID&01248A_PID&5865_REV&1023_F061EEA2D5A0\8&1F453904&0&0005
2026-03-05 23:51:35,347 [INFO] ui.power_cycle -   - 名称=HUAWEI FreeBuds 5i Hands-Free AG | 状态=OK | MAC=00:80:5F:9B:34:FB | Class=System | ID=BTHENUM\{0000111E-0000-1000-8000-00805F9B34FB}_VID&000102B0_PID&0000\7&3B5EF62B&1&145120FFA114_C00000000
2026-03-05 23:51:35,348 [INFO] ui.power_cycle -   - 名称=HUAWEI FreeBuds 5i | 状态=OK | MAC=00:80:5F:9B:34:FB | Class=MEDIA | ID=BTHENUM\{0000110B-0000-1000-8000-00805F9B34FB}_VID&000102B0_PID&0000\7&3B5EF62B&1&145120FFA114_C00000000
2026-03-05 23:51:35,349 [INFO] ui.power_cycle -   - 名称= HID ׼ϵͳ | 状态=OK | MAC=- | Class=HIDClass | ID=HID\CONVERTEDDEVICE&COL03\5&2204AA2D&0&0002
2026-03-05 23:51:35,350 [INFO] ui.power_cycle -   - 名称=TONEMAC HS1 Avrcp  | 状态=OK | MAC=00:80:5F:9B:34:FB | Class=Bluetooth | ID=BTHENUM\{0000110E-0000-1000-8000-00805F9B34FB}_VID&000103E0_PID&301B\7&3B5EF62B&1&F44EFE00114C_C00000000
2026-03-05 23:51:35,351 [INFO] ui.power_cycle -   - 名称=Ӣض(R)  Bluetooth(R) | 状态=OK | MAC=- | Class=Bluetooth | ID=USB\VID_8087&PID_0026\5&3A098C8F&0&14
2026-03-05 23:51:35,352 [INFO] ui.power_cycle -   - 名称=HID-compliant mouse | 状态=OK | MAC=- | Class=Mouse | ID=HID\DELL0A71&COL01\5&10559097&0&0000
2026-03-05 23:51:35,354 [INFO] ui.power_cycle -   - 名称=ܺ GATT  HID 豸 | 状态=OK | MAC=00:80:5F:9B:34:FB | Class=HIDClass | ID=BTHLEDEVICE\{00001812-0000-1000-8000-00805F9B34FB}_DEV_VID&01248A_PID&5865_REV&1023_F061EEA2D5A0\8&1F453904&0&001F
2026-03-05 23:51:35,355 [INFO] ui.power_cycle -   - 名称=豸ʶ | 状态=OK | MAC=00:80:5F:9B:34:FB | Class=Bluetooth | ID=BTHENUM\{00001200-0000-1000-8000-00805F9B34FB}_VID&000102B0_PID&0000\7&3B5EF62B&1&145120FFA114_C00000000
2026-03-05 23:51:35,356 [INFO] ui.power_cycle -   - 名称=ͨļ | 状态=OK | MAC=00:80:5F:9B:34:FB | Class=Bluetooth | ID=BTHLEDEVICE\{00001801-0000-1000-8000-00805F9B34FB}_DEV_VID&01248A_PID&5865_REV&1023_F061EEA2D5A0\8&1F453904&0&0001
2026-03-05 23:51:35,357 [INFO] ui.power_cycle -   - 名称=Microsoft  LE ö | 状态=OK | MAC=- | Class=Bluetooth | ID=BTH\MS_BTHLE\6&13BD8B44&0&3
2026-03-05 23:51:35,358 [INFO] ui.power_cycle -   - 名称=TONEMAC HS1 Hands-Free AG | 状态=OK | MAC=00:80:5F:9B:34:FB | Class=System | ID=BTHENUM\{0000111E-0000-1000-8000-00805F9B34FB}_VID&000103E0_PID&301B\7&3B5EF62B&1&F44EFE00114C_C00000000
2026-03-05 23:51:35,358 [INFO] ui.power_cycle -   - 名称= HID ׼Ĵ | 状态=OK | MAC=- | Class=HIDClass | ID=HID\DELL0A71&COL02\5&10559097&0&0001
2026-03-05 23:51:35,360 [INFO] ui.power_cycle -   - 名称=ϵı׼ (COM4) | 状态=OK | MAC=00:80:5F:9B:34:FB | Class=Ports | ID=BTHENUM\{00001101-0000-1000-8000-00805F9B34FB}_LOCALMFG&0000\7&24C23135&1&000000000000_00000000
2026-03-05 23:51:35,361 [INFO] ui.power_cycle -   - 名称=Χ豸 | 状态=OK | MAC=00:80:5F:9B:34:FB | Class=- | ID=BTHENUM\{0000FD9A-0000-1000-8000-00805F9B34FB}_VID&000102B0_PID&0000\7&3B5EF62B&1&145120FFA114_C00000000
2026-03-05 23:51:35,362 [INFO] ui.power_cycle -   - 名称=HID-compliant mouse | 状态=OK | MAC=- | Class=Mouse | ID=HID\VID_413C&PID_301A\6&1E2909A&0&0000
2026-03-05 23:51:35,363 [INFO] ui.power_cycle -   - 名称=TONEMAC HS1 | 状态=OK | MAC=00:80:5F:9B:34:FB | Class=MEDIA | ID=BTHENUM\{0000110B-0000-1000-8000-00805F9B34FB}_VID&000103E0_PID&301B\7&3B5EF62B&1&F44EFE00114C_C00000000
2026-03-05 23:51:35,364 [INFO] ui.power_cycle -   - 名称= HID ׼û豸 | 状态=OK | MAC=00:80:5F:9B:34:FB | Class=HIDClass | ID=HID\{00001812-0000-1000-8000-00805F9B34FB}_DEV_VID&01248A_PID&5865_REV&1023_F061EEA2D5A0&COL03\9&7C469B3&0&0002
2026-03-05 23:51:35,365 [INFO] ui.power_cycle -   - 名称=TONEMAC HS1 Hands-Free | 状态=OK | MAC=- | Class=MEDIA | ID=BTHHFENUM\BTHHFPAUDIO\8&38A24609&0&97
2026-03-05 23:51:35,366 [INFO] ui.power_cycle -   - 名称=HID-compliant mouse | 状态=OK | MAC=00:80:5F:9B:34:FB | Class=Mouse | ID=HID\{00001812-0000-1000-8000-00805F9B34FB}_DEV_VID&01248A_PID&5865_REV&1023_F061EEA2D5A0&COL02\9&7C469B3&0&0001
2026-03-05 23:51:35,367 [INFO] ui.power_cycle -   - 名称=LOWA Mouse | 状态=OK | MAC=F0:61:EE:A2:D5:A0 | Class=Bluetooth | ID=BTHLE\DEV_F061EEA2D5A0\7&1679758C&0&F061EEA2D5A0
2026-03-05 23:51:35,368 [INFO] ui.power_cycle -   - 名称=Microsoft Input Configuration Device | 状态=OK | MAC=- | Class=HIDClass | ID=HID\DELL0A71&COL03\5&10559097&0&0002
2026-03-05 23:51:35,368 [INFO] ui.power_cycle -   - 名称=Microsoft ö | 状态=OK | MAC=- | Class=Bluetooth | ID=BTH\MS_BTHBRB\6&13BD8B44&0&1
2026-03-05 23:51:35,369 [INFO] ui.power_cycle -   - 名称=TONEMAC HS1 | 状态=OK | MAC=F4:4E:FE:00:11:4C | Class=Bluetooth | ID=BTHENUM\DEV_F44EFE00114C\7&3B5EF62B&1&BLUETOOTHDEVICE_F44EFE00114C
2026-03-05 23:51:35,371 [INFO] ui.power_cycle -   - 名称= LE ͨԷ | 状态=OK | MAC=99:73:34:78:25:68 | Class=Bluetooth | ID=BTHLEDEVICE\{53527AA4-29F7-AE11-4E74-997334782568}_DEV_VID&01248A_PID&5865_REV&1023_F061EEA2D5A0\8&1F453904&0&003A
2026-03-05 23:51:35,372 [INFO] ui.power_cycle -   - 名称=HID-compliant mouse | 状态=Unknown | MAC=- | Class=Mouse | ID=HID\VID_413C&PID_301A\6&149C413F&4&0000
2026-03-05 23:51:35,373 [INFO] ui.power_cycle -   - 名称=HUAWEI FreeBuds 5i Avrcp  | 状态=OK | MAC=00:80:5F:9B:34:FB | Class=Bluetooth | ID=BTHENUM\{0000110C-0000-1000-8000-00805F9B34FB}_VID&000102B0_PID&0000\7&3B5EF62B&1&145120FFA114_C00000000
2026-03-05 23:51:35,374 [INFO] ui.power_cycle -   - 名称=USB 豸 | 状态=OK | MAC=- | Class=HIDClass | ID=USB\VID_413C&PID_301A\5&3A098C8F&0&3
2026-03-05 23:51:35,374 [INFO] ui.power_cycle -   - 名称=USB 豸 | 状态=Unknown | MAC=- | Class=HIDClass | ID=USB\VID_413C&PID_301A\5&3A098C8F&0&4
2026-03-05 23:51:35,375 [INFO] ui.power_cycle -   - 名称=Bluetooth Device (RFCOMM Protocol TDI) | 状态=OK | MAC=- | Class=Bluetooth | ID=BTH\MS_RFCOMM\6&13BD8B44&0&0
2026-03-05 23:51:35,376 [INFO] ui.power_cycle -   - 名称=Bluetooth Device (Personal Area Network) | 状态=OK | MAC=- | Class=Net | ID=BTH\MS_BTHPAN\6&13BD8B44&0&2
2026-03-05 23:51:35,377 [INFO] ui.power_cycle -   - 名称=Intel(R) HID Event Filter | 状态=OK | MAC=- | Class=HIDClass | ID=ACPI\INTC1051\2&DABA3FF&1
2026-03-05 23:51:35,377 [INFO] ui.power_cycle -   - 名称=Χ豸 | 状态=OK | MAC=00:80:5F:9B:34:FB | Class=- | ID=BTHENUM\{0000E003-0000-1000-8000-00805F9B34FB}_VID&000103E0_PID&301B\7&3B5EF62B&1&F44EFE00114C_C00000000
2026-03-05 23:51:35,378 [INFO] ui.power_cycle -   - 名称=HUAWEI FreeBuds 5i | 状态=OK | MAC=14:51:20:FF:A1:14 | Class=Bluetooth | ID=BTHENUM\DEV_145120FFA114\7&3B5EF62B&1&BLUETOOTHDEVICE_145120FFA114
2026-03-05 23:51:35,380 [INFO] ui.power_cycle -   - 名称= HID ׼ĹӦ̶豸 | 状态=OK | MAC=- | Class=HIDClass | ID=HID\DELL0A71&COL04\5&10559097&0&0003
2026-03-05 23:51:35,381 [INFO] ui.power_cycle -   - 名称=HUAWEI FreeBuds 5i Hands-Free | 状态=OK | MAC=- | Class=MEDIA | ID=BTHHFENUM\BTHHFPAUDIO\8&7DE4BEC&0&97
2026-03-05 23:58:38,682 [INFO] ui.power_cycle - 仿真模式 开启。
2026-03-06 00:00:18,434 [INFO] ui.power_cycle - 配置已保存。
2026-03-06 00:00:18,445 [INFO] ui.power_cycle - 测试线程启动。
2026-03-06 00:00:18,453 [INFO] ui.power_cycle - 测试开始，总轮次: 100
2026-03-06 00:00:18,454 [INFO] ui.power_cycle - [第1轮] 当前继电器通道1状态: 关
2026-03-06 00:00:18,651 [INFO] ui.power_cycle - 断电状态确认通过: 电压=0.200V, 蓝牙=未连接
2026-03-06 00:00:19,656 [INFO] ui.power_cycle - 执行上电: 通道1上电命令已发送。
2026-03-06 00:00:24,702 [WARNING] ui.power_cycle - [第1轮] 失败 | 原因: 上电验证失败: 上电状态等待超时(last: voltage=4.9, bt_connected=False)
2026-03-06 00:00:24,709 [INFO] ui.power_cycle - [第2轮] 当前继电器通道1状态: 开
2026-03-06 00:00:24,710 [INFO] ui.power_cycle - 执行断电准备: 通道1断电命令已发送。
2026-03-06 00:00:25,007 [INFO] ui.power_cycle - 断电状态确认通过: 电压=0.200V, 蓝牙=未连接
2026-03-06 00:00:26,014 [INFO] ui.power_cycle - 执行上电: 通道1上电命令已发送。
2026-03-06 00:00:31,061 [WARNING] ui.power_cycle - [第2轮] 失败 | 原因: 上电验证失败: 上电状态等待超时(last: voltage=4.9, bt_connected=False)
2026-03-06 00:00:31,067 [INFO] ui.power_cycle - [第3轮] 当前继电器通道1状态: 开
2026-03-06 00:00:31,069 [INFO] ui.power_cycle - 执行断电准备: 通道1断电命令已发送。
2026-03-06 00:00:31,364 [INFO] ui.power_cycle - 断电状态确认通过: 电压=0.200V, 蓝牙=未连接
2026-03-06 00:00:32,369 [INFO] ui.power_cycle - 执行上电: 通道1上电命令已发送。
2026-03-06 00:00:37,412 [WARNING] ui.power_cycle - [第3轮] 失败 | 原因: 上电验证失败: 上电状态等待超时(last: voltage=4.9, bt_connected=False)
2026-03-06 00:00:37,419 [INFO] ui.power_cycle - [第4轮] 当前继电器通道1状态: 开
2026-03-06 00:00:37,420 [INFO] ui.power_cycle - 执行断电准备: 通道1断电命令已发送。
2026-03-06 00:00:37,714 [INFO] ui.power_cycle - 断电状态确认通过: 电压=0.200V, 蓝牙=未连接
2026-03-06 00:00:38,720 [INFO] ui.power_cycle - 执行上电: 通道1上电命令已发送。
2026-03-06 00:00:40,242 [WARNING] ui.power_cycle - 已请求停止测试。
2026-03-06 00:00:40,288 [WARNING] ui.power_cycle - 收到停止请求，退出测试循环。
2026-03-06 00:00:40,289 [INFO] ui.power_cycle - 测试结束：成功 0，失败 3，成功率 0.00%
2026-03-06 00:00:40,290 [INFO] ui.power_cycle - 测试完成。成功 0，失败 3，成功率 0.00%
2026-03-06 00:01:01,078 [INFO] ui.power_cycle - 配置已保存。
2026-03-06 00:01:01,079 [INFO] ui.power_cycle - 万用表已断开。
2026-03-06 00:01:01,079 [INFO] ui.power_cycle - 继电器已断开。
2026-03-06 00:01:15,499 [INFO] ui.power_cycle - 仿真模式 开启。
2026-03-06 00:01:15,501 [INFO] ui.power_cycle - 串口刷新完成，共发现 0 个端口。
2026-03-06 00:01:26,787 [INFO] ui.power_cycle - 检测到 1 个蓝牙相关设备：
2026-03-06 00:01:26,787 [INFO] ui.power_cycle -   - 名称=SimMouse | 状态=Unknown | MAC=00:11:22:AA:BB:CC | Class=Bluetooth | ID=SIM\BTH\001122AABBCC
2026-03-06 00:02:14,609 [INFO] ui.power_cycle - 配置已保存。
2026-03-06 00:02:14,610 [INFO] ui.power_cycle - 万用表已断开。
2026-03-06 00:02:14,611 [INFO] ui.power_cycle - 继电器已断开。
2026-03-06 00:02:20,771 [INFO] ui.power_cycle - 仿真模式 开启。
2026-03-06 00:02:20,771 [INFO] ui.power_cycle - 串口刷新完成，共发现 0 个端口。
2026-03-06 00:02:28,984 [INFO] ui.power_cycle - 检测到 1 个蓝牙相关设备：
2026-03-06 00:02:28,984 [INFO] ui.power_cycle -   - 名称=SimMouse | 状态=Unknown | MAC=00:11:22:AA:BB:CC | Class=Bluetooth | ID=SIM\BTH\001122AABBCC
2026-03-06 00:03:06,052 [INFO] ui.power_cycle - 检测到 1 个蓝牙相关设备：
2026-03-06 00:03:06,052 [INFO] ui.power_cycle -   - 名称=SimMouse | 状态=Unknown | MAC=00:11:22:AA:BB:CC | Class=Bluetooth | ID=SIM\BTH\001122AABBCC
2026-03-06 00:03:10,242 [INFO] ui.power_cycle - 配置已保存。
2026-03-06 00:03:10,243 [INFO] ui.power_cycle - 万用表已断开。
2026-03-06 00:03:10,243 [INFO] ui.power_cycle - 继电器已断开。
2026-03-06 00:03:17,208 [INFO] ui.power_cycle - 仿真模式 开启。
2026-03-06 00:03:17,209 [INFO] ui.power_cycle - 串口刷新完成，共发现 0 个端口。
2026-03-06 00:03:18,619 [INFO] ui.power_cycle - 检测到 1 个蓝牙相关设备：
2026-03-06 00:03:18,619 [INFO] ui.power_cycle -   - 名称=SimMouse | 状态=Unknown | MAC=00:11:22:AA:BB:CC | Class=Bluetooth | ID=SIM\BTH\001122AABBCC
2026-03-06 00:09:01,726 [INFO] ui.power_cycle - 仿真模式 关闭。
2026-03-06 00:09:05,758 [INFO] ui.power_cycle - 检测到 17 个蓝牙相关设备：
2026-03-06 00:09:05,758 [INFO] ui.power_cycle -   - 名称=HUAWEI FreeBuds 5i Avrcp  | 状态=OK | MAC=00:80:5F:9B:34:FB | Class=Bluetooth | ID=BTHENUM\{0000110E-0000-1000-8000-00805F9B34FB}_VID&000102B0_PID&0000\7&3B5EF62B&1&145120FFA114_C00000000
2026-03-06 00:09:05,758 [INFO] ui.power_cycle -   - 名称=豸Ϣ | 状态=OK | MAC=00:80:5F:9B:34:FB | Class=Bluetooth | ID=BTHLEDEVICE\{0000180A-0000-1000-8000-00805F9B34FB}_DEV_VID&01248A_PID&5865_REV&1023_F061EEA2D5A0\8&1F453904&0&0012
2026-03-06 00:09:06,341 [INFO] ui.power_cycle -   - 名称=ϵı׼ (COM3) | 状态=OK | MAC=00:80:5F:9B:34:FB | Class=Ports | ID=BTHENUM\{00001101-0000-1000-8000-00805F9B34FB}_VID&000102B0_PID&0000\7&24C23135&1&145120FFA114_C00000000
2026-03-06 00:09:06,341 [INFO] ui.power_cycle -   - 名称= LE ͨԷ | 状态=OK | MAC=00:80:5F:9B:34:FB | Class=Bluetooth | ID=BTHLEDEVICE\{0000180F-0000-1000-8000-00805F9B34FB}_DEV_VID&01248A_PID&5865_REV&1023_F061EEA2D5A0\8&1F453904&0&000E
2026-03-06 00:09:06,349 [INFO] ui.power_cycle -   - 名称=TONEMAC HS1 Avrcp  | 状态=OK | MAC=00:80:5F:9B:34:FB | Class=Bluetooth | ID=BTHENUM\{0000110C-0000-1000-8000-00805F9B34FB}_VID&000103E0_PID&301B\7&3B5EF62B&1&F44EFE00114C_C00000000
2026-03-06 00:09:06,349 [INFO] ui.power_cycle -   - 名称=ͨ÷ļ | 状态=OK | MAC=00:80:5F:9B:34:FB | Class=Bluetooth | ID=BTHLEDEVICE\{00001800-0000-1000-8000-00805F9B34FB}_DEV_VID&01248A_PID&5865_REV&1023_F061EEA2D5A0\8&1F453904&0&0005
2026-03-06 00:09:06,349 [INFO] ui.power_cycle -   - 名称=TONEMAC HS1 Avrcp  | 状态=OK | MAC=00:80:5F:9B:34:FB | Class=Bluetooth | ID=BTHENUM\{0000110E-0000-1000-8000-00805F9B34FB}_VID&000103E0_PID&301B\7&3B5EF62B&1&F44EFE00114C_C00000000
2026-03-06 00:09:06,349 [INFO] ui.power_cycle -   - 名称=ܺ GATT  HID 豸 | 状态=OK | MAC=00:80:5F:9B:34:FB | Class=HIDClass | ID=BTHLEDEVICE\{00001812-0000-1000-8000-00805F9B34FB}_DEV_VID&01248A_PID&5865_REV&1023_F061EEA2D5A0\8&1F453904&0&001F
2026-03-06 00:09:06,349 [INFO] ui.power_cycle -   - 名称=豸ʶ | 状态=OK | MAC=00:80:5F:9B:34:FB | Class=Bluetooth | ID=BTHENUM\{00001200-0000-1000-8000-00805F9B34FB}_VID&000102B0_PID&0000\7&3B5EF62B&1&145120FFA114_C00000000
2026-03-06 00:09:06,349 [INFO] ui.power_cycle -   - 名称=ͨļ | 状态=OK | MAC=00:80:5F:9B:34:FB | Class=Bluetooth | ID=BTHLEDEVICE\{00001801-0000-1000-8000-00805F9B34FB}_DEV_VID&01248A_PID&5865_REV&1023_F061EEA2D5A0\8&1F453904&0&0001
2026-03-06 00:09:06,356 [INFO] ui.power_cycle -   - 名称=ϵı׼ (COM4) | 状态=OK | MAC=00:80:5F:9B:34:FB | Class=Ports | ID=BTHENUM\{00001101-0000-1000-8000-00805F9B34FB}_LOCALMFG&0000\7&24C23135&1&000000000000_00000000
2026-03-06 00:09:06,356 [INFO] ui.power_cycle -   - 名称=Χ豸 | 状态=OK | MAC=00:80:5F:9B:34:FB | Class=- | ID=BTHENUM\{0000FD9A-0000-1000-8000-00805F9B34FB}_VID&000102B0_PID&0000\7&3B5EF62B&1&145120FFA114_C00000000
2026-03-06 00:09:06,356 [INFO] ui.power_cycle -   - 名称=TONEMAC HS1 | 状态=OK | MAC=F4:4E:FE:00:11:4C | Class=Bluetooth | ID=BTHENUM\DEV_F44EFE00114C\7&3B5EF62B&1&BLUETOOTHDEVICE_F44EFE00114C
2026-03-06 00:09:06,357 [INFO] ui.power_cycle -   - 名称= LE ͨԷ | 状态=OK | MAC=99:73:34:78:25:68 | Class=Bluetooth | ID=BTHLEDEVICE\{53527AA4-29F7-AE11-4E74-997334782568}_DEV_VID&01248A_PID&5865_REV&1023_F061EEA2D5A0\8&1F453904&0&003A
2026-03-06 00:09:06,358 [INFO] ui.power_cycle -   - 名称=HUAWEI FreeBuds 5i Avrcp  | 状态=OK | MAC=00:80:5F:9B:34:FB | Class=Bluetooth | ID=BTHENUM\{0000110C-0000-1000-8000-00805F9B34FB}_VID&000102B0_PID&0000\7&3B5EF62B&1&145120FFA114_C00000000
2026-03-06 00:09:06,359 [INFO] ui.power_cycle -   - 名称=Χ豸 | 状态=OK | MAC=00:80:5F:9B:34:FB | Class=- | ID=BTHENUM\{0000E003-0000-1000-8000-00805F9B34FB}_VID&000103E0_PID&301B\7&3B5EF62B&1&F44EFE00114C_C00000000
2026-03-06 00:09:06,359 [INFO] ui.power_cycle -   - 名称=HUAWEI FreeBuds 5i | 状态=OK | MAC=14:51:20:FF:A1:14 | Class=Bluetooth | ID=BTHENUM\DEV_145120FFA114\7&3B5EF62B&1&BLUETOOTHDEVICE_145120FFA114
2026-03-06 00:13:30,622 [INFO] ui.power_cycle - 仿真模式 开启。
2026-03-06 00:13:34,440 [INFO] ui.power_cycle - 配置已保存。
2026-03-06 00:13:34,440 [INFO] ui.power_cycle - 测试线程启动。
2026-03-06 00:13:34,458 [INFO] ui.power_cycle - 测试开始，总轮次: 100
2026-03-06 00:13:34,459 [INFO] ui.power_cycle - [第1轮] 当前继电器通道1状态: 关
2026-03-06 00:13:34,653 [INFO] ui.power_cycle - 断电状态确认通过: 电压=0.200V, 蓝牙=未连接
2026-03-06 00:13:35,661 [INFO] ui.power_cycle - 执行上电: 通道1上电命令已发送。
2026-03-06 00:13:35,863 [INFO] ui.power_cycle - 上电状态确认通过: 电压=4.900V, 蓝牙=已连接
2026-03-06 00:13:35,863 [INFO] ui.power_cycle - [第1轮] 通过 | 断电电压=0.2, 上电电压=4.9
2026-03-06 00:13:35,863 [INFO] ui.power_cycle - [第2轮] 当前继电器通道1状态: 开
2026-03-06 00:13:35,863 [INFO] ui.power_cycle - 执行断电准备: 通道1断电命令已发送。
2026-03-06 00:13:36,169 [INFO] ui.power_cycle - 断电状态确认通过: 电压=0.200V, 蓝牙=未连接
2026-03-06 00:13:37,173 [INFO] ui.power_cycle - 执行上电: 通道1上电命令已发送。
2026-03-06 00:13:37,375 [INFO] ui.power_cycle - 上电状态确认通过: 电压=4.900V, 蓝牙=已连接
2026-03-06 00:13:37,375 [INFO] ui.power_cycle - [第2轮] 通过 | 断电电压=0.2, 上电电压=4.9
2026-03-06 00:13:37,378 [INFO] ui.power_cycle - [第3轮] 当前继电器通道1状态: 开
2026-03-06 00:13:37,378 [INFO] ui.power_cycle - 执行断电准备: 通道1断电命令已发送。
2026-03-06 00:13:37,679 [INFO] ui.power_cycle - 断电状态确认通过: 电压=0.200V, 蓝牙=未连接
2026-03-06 00:13:38,688 [INFO] ui.power_cycle - 执行上电: 通道1上电命令已发送。
2026-03-06 00:13:38,889 [INFO] ui.power_cycle - 上电状态确认通过: 电压=4.900V, 蓝牙=已连接
2026-03-06 00:13:38,889 [INFO] ui.power_cycle - [第3轮] 通过 | 断电电压=0.2, 上电电压=4.9
2026-03-06 00:13:38,897 [INFO] ui.power_cycle - [第4轮] 当前继电器通道1状态: 开
2026-03-06 00:13:38,897 [INFO] ui.power_cycle - 执行断电准备: 通道1断电命令已发送。
2026-03-06 00:13:39,194 [INFO] ui.power_cycle - 断电状态确认通过: 电压=0.200V, 蓝牙=未连接
2026-03-06 00:13:40,202 [INFO] ui.power_cycle - 执行上电: 通道1上电命令已发送。
2026-03-06 00:13:40,404 [INFO] ui.power_cycle - 上电状态确认通过: 电压=4.900V, 蓝牙=已连接
2026-03-06 00:13:40,404 [INFO] ui.power_cycle - [第4轮] 通过 | 断电电压=0.2, 上电电压=4.9
2026-03-06 00:13:40,404 [INFO] ui.power_cycle - [第5轮] 当前继电器通道1状态: 开
2026-03-06 00:13:40,404 [INFO] ui.power_cycle - 执行断电准备: 通道1断电命令已发送。
2026-03-06 00:13:40,708 [INFO] ui.power_cycle - 断电状态确认通过: 电压=0.200V, 蓝牙=未连接
2026-03-06 00:13:41,716 [INFO] ui.power_cycle - 执行上电: 通道1上电命令已发送。
2026-03-06 00:13:41,928 [INFO] ui.power_cycle - 上电状态确认通过: 电压=4.900V, 蓝牙=已连接
2026-03-06 00:13:41,929 [INFO] ui.power_cycle - [第5轮] 通过 | 断电电压=0.2, 上电电压=4.9
2026-03-06 00:13:41,935 [INFO] ui.power_cycle - [第6轮] 当前继电器通道1状态: 开
2026-03-06 00:13:41,936 [INFO] ui.power_cycle - 执行断电准备: 通道1断电命令已发送。
2026-03-06 00:13:42,223 [INFO] ui.power_cycle - 断电状态确认通过: 电压=0.200V, 蓝牙=未连接
2026-03-06 00:13:43,231 [INFO] ui.power_cycle - 执行上电: 通道1上电命令已发送。
2026-03-06 00:13:43,433 [INFO] ui.power_cycle - 上电状态确认通过: 电压=4.900V, 蓝牙=已连接
2026-03-06 00:13:43,433 [INFO] ui.power_cycle - [第6轮] 通过 | 断电电压=0.2, 上电电压=4.9
2026-03-06 00:13:43,441 [INFO] ui.power_cycle - [第7轮] 当前继电器通道1状态: 开
2026-03-06 00:13:43,444 [INFO] ui.power_cycle - 执行断电准备: 通道1断电命令已发送。
2026-03-06 00:13:43,736 [INFO] ui.power_cycle - 断电状态确认通过: 电压=0.200V, 蓝牙=未连接
2026-03-06 00:13:44,746 [INFO] ui.power_cycle - 执行上电: 通道1上电命令已发送。
2026-03-06 00:13:44,947 [INFO] ui.power_cycle - 上电状态确认通过: 电压=4.900V, 蓝牙=已连接
2026-03-06 00:13:44,947 [INFO] ui.power_cycle - [第7轮] 通过 | 断电电压=0.2, 上电电压=4.9
2026-03-06 00:13:44,947 [INFO] ui.power_cycle - [第8轮] 当前继电器通道1状态: 开
2026-03-06 00:13:44,947 [INFO] ui.power_cycle - 执行断电准备: 通道1断电命令已发送。
2026-03-06 00:13:45,252 [INFO] ui.power_cycle - 断电状态确认通过: 电压=0.200V, 蓝牙=未连接
2026-03-06 00:13:46,261 [INFO] ui.power_cycle - 执行上电: 通道1上电命令已发送。
2026-03-06 00:13:46,467 [INFO] ui.power_cycle - 上电状态确认通过: 电压=4.900V, 蓝牙=已连接
2026-03-06 00:13:46,467 [INFO] ui.power_cycle - [第8轮] 通过 | 断电电压=0.2, 上电电压=4.9
2026-03-06 00:13:46,467 [INFO] ui.power_cycle - [第9轮] 当前继电器通道1状态: 开
2026-03-06 00:13:46,467 [INFO] ui.power_cycle - 执行断电准备: 通道1断电命令已发送。
2026-03-06 00:13:46,767 [INFO] ui.power_cycle - 断电状态确认通过: 电压=0.200V, 蓝牙=未连接
2026-03-06 00:13:47,775 [INFO] ui.power_cycle - 执行上电: 通道1上电命令已发送。
2026-03-06 00:13:47,977 [INFO] ui.power_cycle - 上电状态确认通过: 电压=4.900V, 蓝牙=已连接
2026-03-06 00:13:47,977 [INFO] ui.power_cycle - [第9轮] 通过 | 断电电压=0.2, 上电电压=4.9
2026-03-06 00:13:47,983 [INFO] ui.power_cycle - [第10轮] 当前继电器通道1状态: 开
2026-03-06 00:13:47,983 [INFO] ui.power_cycle - 执行断电准备: 通道1断电命令已发送。
2026-03-06 00:13:48,281 [INFO] ui.power_cycle - 断电状态确认通过: 电压=0.200V, 蓝牙=未连接
2026-03-06 00:13:49,290 [INFO] ui.power_cycle - 执行上电: 通道1上电命令已发送。
2026-03-06 00:13:49,492 [INFO] ui.power_cycle - 上电状态确认通过: 电压=4.900V, 蓝牙=已连接
2026-03-06 00:13:49,492 [INFO] ui.power_cycle - [第10轮] 通过 | 断电电压=0.2, 上电电压=4.9
2026-03-06 00:13:49,492 [INFO] ui.power_cycle - [第11轮] 当前继电器通道1状态: 开
2026-03-06 00:13:49,492 [INFO] ui.power_cycle - 执行断电准备: 通道1断电命令已发送。
2026-03-06 00:13:49,794 [INFO] ui.power_cycle - 断电状态确认通过: 电压=0.200V, 蓝牙=未连接
2026-03-06 00:13:50,803 [INFO] ui.power_cycle - 执行上电: 通道1上电命令已发送。
2026-03-06 00:13:51,006 [INFO] ui.power_cycle - 上电状态确认通过: 电压=4.900V, 蓝牙=已连接
2026-03-06 00:13:51,006 [INFO] ui.power_cycle - [第11轮] 通过 | 断电电压=0.2, 上电电压=4.9
2026-03-06 00:13:51,006 [INFO] ui.power_cycle - [第12轮] 当前继电器通道1状态: 开
2026-03-06 00:13:51,006 [INFO] ui.power_cycle - 执行断电准备: 通道1断电命令已发送。
2026-03-06 00:13:51,312 [INFO] ui.power_cycle - 断电状态确认通过: 电压=0.200V, 蓝牙=未连接
2026-03-06 00:13:52,319 [INFO] ui.power_cycle - 执行上电: 通道1上电命令已发送。
2026-03-06 00:13:52,521 [INFO] ui.power_cycle - 上电状态确认通过: 电压=4.900V, 蓝牙=已连接
2026-03-06 00:13:52,525 [INFO] ui.power_cycle - [第12轮] 通过 | 断电电压=0.2, 上电电压=4.9
2026-03-06 00:13:52,525 [INFO] ui.power_cycle - [第13轮] 当前继电器通道1状态: 开
2026-03-06 00:13:52,525 [INFO] ui.power_cycle - 执行断电准备: 通道1断电命令已发送。
2026-03-06 00:13:52,825 [INFO] ui.power_cycle - 断电状态确认通过: 电压=0.200V, 蓝牙=未连接
2026-03-06 00:13:53,833 [INFO] ui.power_cycle - 执行上电: 通道1上电命令已发送。
2026-03-06 00:13:54,034 [INFO] ui.power_cycle - 上电状态确认通过: 电压=4.900V, 蓝牙=已连接
2026-03-06 00:13:54,034 [INFO] ui.power_cycle - [第13轮] 通过 | 断电电压=0.2, 上电电压=4.9
2026-03-06 00:13:54,038 [INFO] ui.power_cycle - [第14轮] 当前继电器通道1状态: 开
2026-03-06 00:13:54,038 [INFO] ui.power_cycle - 执行断电准备: 通道1断电命令已发送。
2026-03-06 00:13:54,337 [INFO] ui.power_cycle - 断电状态确认通过: 电压=0.200V, 蓝牙=未连接
2026-03-06 00:13:55,345 [INFO] ui.power_cycle - 执行上电: 通道1上电命令已发送。
2026-03-06 00:13:55,547 [INFO] ui.power_cycle - 上电状态确认通过: 电压=4.900V, 蓝牙=已连接
2026-03-06 00:13:55,550 [INFO] ui.power_cycle - [第14轮] 通过 | 断电电压=0.2, 上电电压=4.9
2026-03-06 00:13:55,550 [INFO] ui.power_cycle - [第15轮] 当前继电器通道1状态: 开
2026-03-06 00:13:55,550 [INFO] ui.power_cycle - 执行断电准备: 通道1断电命令已发送。
2026-03-06 00:13:55,851 [INFO] ui.power_cycle - 断电状态确认通过: 电压=0.200V, 蓝牙=未连接
2026-03-06 00:13:56,859 [INFO] ui.power_cycle - 执行上电: 通道1上电命令已发送。
2026-03-06 00:13:57,061 [INFO] ui.power_cycle - 上电状态确认通过: 电压=4.900V, 蓝牙=已连接
2026-03-06 00:13:57,061 [INFO] ui.power_cycle - [第15轮] 通过 | 断电电压=0.2, 上电电压=4.9
2026-03-06 00:13:57,061 [INFO] ui.power_cycle - [第16轮] 当前继电器通道1状态: 开
2026-03-06 00:13:57,061 [INFO] ui.power_cycle - 执行断电准备: 通道1断电命令已发送。
2026-03-06 00:13:57,367 [INFO] ui.power_cycle - 断电状态确认通过: 电压=0.200V, 蓝牙=未连接
2026-03-06 00:13:58,372 [INFO] ui.power_cycle - 执行上电: 通道1上电命令已发送。
2026-03-06 00:13:58,574 [INFO] ui.power_cycle - 上电状态确认通过: 电压=4.900V, 蓝牙=已连接
2026-03-06 00:13:58,574 [INFO] ui.power_cycle - [第16轮] 通过 | 断电电压=0.2, 上电电压=4.9
2026-03-06 00:13:58,587 [INFO] ui.power_cycle - [第17轮] 当前继电器通道1状态: 开
2026-03-06 00:13:58,588 [INFO] ui.power_cycle - 执行断电准备: 通道1断电命令已发送。
2026-03-06 00:13:58,878 [INFO] ui.power_cycle - 断电状态确认通过: 电压=0.200V, 蓝牙=未连接
2026-03-06 00:13:59,887 [INFO] ui.power_cycle - 执行上电: 通道1上电命令已发送。
2026-03-06 00:14:00,089 [INFO] ui.power_cycle - 上电状态确认通过: 电压=4.900V, 蓝牙=已连接
2026-03-06 00:14:00,089 [INFO] ui.power_cycle - [第17轮] 通过 | 断电电压=0.2, 上电电压=4.9
2026-03-06 00:14:00,093 [INFO] ui.power_cycle - [第18轮] 当前继电器通道1状态: 开
2026-03-06 00:14:00,093 [INFO] ui.power_cycle - 执行断电准备: 通道1断电命令已发送。
2026-03-06 00:14:00,391 [INFO] ui.power_cycle - 断电状态确认通过: 电压=0.200V, 蓝牙=未连接
2026-03-06 00:14:01,402 [INFO] ui.power_cycle - 执行上电: 通道1上电命令已发送。
2026-03-06 00:14:01,604 [INFO] ui.power_cycle - 上电状态确认通过: 电压=4.900V, 蓝牙=已连接
2026-03-06 00:14:01,604 [INFO] ui.power_cycle - [第18轮] 通过 | 断电电压=0.2, 上电电压=4.9
2026-03-06 00:14:01,608 [INFO] ui.power_cycle - [第19轮] 当前继电器通道1状态: 开
2026-03-06 00:14:01,611 [INFO] ui.power_cycle - 执行断电准备: 通道1断电命令已发送。
2026-03-06 00:14:01,907 [INFO] ui.power_cycle - 断电状态确认通过: 电压=0.200V, 蓝牙=未连接
2026-03-06 00:14:02,553 [WARNING] ui.power_cycle - 已请求停止测试。
2026-03-06 00:14:02,563 [WARNING] ui.power_cycle - 收到停止请求，退出测试循环。
2026-03-06 00:14:02,565 [INFO] ui.power_cycle - 测试结束：成功 18，失败 0，成功率 100.00%
2026-03-06 00:14:02,567 [INFO] ui.power_cycle - 测试完成。成功 18，失败 0，成功率 100.00%
2026-03-06 00:31:56,168 [INFO] ui.power_cycle - 配置已保存。
2026-03-06 00:31:56,169 [INFO] ui.power_cycle - 万用表已断开。
2026-03-06 00:31:56,170 [INFO] ui.power_cycle - 继电器已断开。
2026-03-06 00:32:04,288 [INFO] ui.power_cycle - 仿真设置更新：万用表=开, 继电器=开, 蓝牙=开
2026-03-06 00:32:04,288 [INFO] ui.power_cycle - 串口刷新完成，共发现 0 个端口。
2026-03-06 00:32:33,584 [INFO] ui.power_cycle - 仿真设置更新：万用表=开, 继电器=开, 蓝牙=关
2026-03-06 00:32:41,613 [INFO] ui.power_cycle - 检测到 17 个蓝牙相关设备（来源: 真实已配对蓝牙）：
2026-03-06 00:32:41,615 [INFO] ui.power_cycle -   - 名称=HUAWEI FreeBuds 5i Avrcp  | 状态=OK | MAC=00:80:5F:9B:34:FB | Class=Bluetooth | ID=BTHENUM\{0000110E-0000-1000-8000-00805F9B34FB}_VID&000102B0_PID&0000\7&3B5EF62B&1&145120FFA114_C00000000
2026-03-06 00:32:41,616 [INFO] ui.power_cycle -   - 名称=豸Ϣ | 状态=OK | MAC=00:80:5F:9B:34:FB | Class=Bluetooth | ID=BTHLEDEVICE\{0000180A-0000-1000-8000-00805F9B34FB}_DEV_VID&01248A_PID&5865_REV&1023_F061EEA2D5A0\8&1F453904&0&0012
2026-03-06 00:32:42,172 [INFO] ui.power_cycle -   - 名称=ϵı׼ (COM3) | 状态=OK | MAC=00:80:5F:9B:34:FB | Class=Ports | ID=BTHENUM\{00001101-0000-1000-8000-00805F9B34FB}_VID&000102B0_PID&0000\7&24C23135&1&145120FFA114_C00000000
2026-03-06 00:32:42,173 [INFO] ui.power_cycle -   - 名称= LE ͨԷ | 状态=OK | MAC=00:80:5F:9B:34:FB | Class=Bluetooth | ID=BTHLEDEVICE\{0000180F-0000-1000-8000-00805F9B34FB}_DEV_VID&01248A_PID&5865_REV&1023_F061EEA2D5A0\8&1F453904&0&000E
2026-03-06 00:32:42,174 [INFO] ui.power_cycle -   - 名称=TONEMAC HS1 Avrcp  | 状态=OK | MAC=00:80:5F:9B:34:FB | Class=Bluetooth | ID=BTHENUM\{0000110C-0000-1000-8000-00805F9B34FB}_VID&000103E0_PID&301B\7&3B5EF62B&1&F44EFE00114C_C00000000
2026-03-06 00:32:42,177 [INFO] ui.power_cycle -   - 名称=ͨ÷ļ | 状态=OK | MAC=00:80:5F:9B:34:FB | Class=Bluetooth | ID=BTHLEDEVICE\{00001800-0000-1000-8000-00805F9B34FB}_DEV_VID&01248A_PID&5865_REV&1023_F061EEA2D5A0\8&1F453904&0&0005
2026-03-06 00:32:42,178 [INFO] ui.power_cycle -   - 名称=TONEMAC HS1 Avrcp  | 状态=OK | MAC=00:80:5F:9B:34:FB | Class=Bluetooth | ID=BTHENUM\{0000110E-0000-1000-8000-00805F9B34FB}_VID&000103E0_PID&301B\7&3B5EF62B&1&F44EFE00114C_C00000000
2026-03-06 00:32:42,179 [INFO] ui.power_cycle -   - 名称=ܺ GATT  HID 豸 | 状态=OK | MAC=00:80:5F:9B:34:FB | Class=HIDClass | ID=BTHLEDEVICE\{00001812-0000-1000-8000-00805F9B34FB}_DEV_VID&01248A_PID&5865_REV&1023_F061EEA2D5A0\8&1F453904&0&001F
2026-03-06 00:32:42,180 [INFO] ui.power_cycle -   - 名称=豸ʶ | 状态=OK | MAC=00:80:5F:9B:34:FB | Class=Bluetooth | ID=BTHENUM\{00001200-0000-1000-8000-00805F9B34FB}_VID&000102B0_PID&0000\7&3B5EF62B&1&145120FFA114_C00000000
2026-03-06 00:32:42,181 [INFO] ui.power_cycle -   - 名称=ͨļ | 状态=OK | MAC=00:80:5F:9B:34:FB | Class=Bluetooth | ID=BTHLEDEVICE\{00001801-0000-1000-8000-00805F9B34FB}_DEV_VID&01248A_PID&5865_REV&1023_F061EEA2D5A0\8&1F453904&0&0001
2026-03-06 00:32:42,182 [INFO] ui.power_cycle -   - 名称=ϵı׼ (COM4) | 状态=OK | MAC=00:80:5F:9B:34:FB | Class=Ports | ID=BTHENUM\{00001101-0000-1000-8000-00805F9B34FB}_LOCALMFG&0000\7&24C23135&1&000000000000_00000000
2026-03-06 00:32:42,183 [INFO] ui.power_cycle -   - 名称=Χ豸 | 状态=OK | MAC=00:80:5F:9B:34:FB | Class=- | ID=BTHENUM\{0000FD9A-0000-1000-8000-00805F9B34FB}_VID&000102B0_PID&0000\7&3B5EF62B&1&145120FFA114_C00000000
2026-03-06 00:32:42,184 [INFO] ui.power_cycle -   - 名称=TONEMAC HS1 | 状态=OK | MAC=F4:4E:FE:00:11:4C | Class=Bluetooth | ID=BTHENUM\DEV_F44EFE00114C\7&3B5EF62B&1&BLUETOOTHDEVICE_F44EFE00114C
2026-03-06 00:32:42,184 [INFO] ui.power_cycle -   - 名称= LE ͨԷ | 状态=OK | MAC=99:73:34:78:25:68 | Class=Bluetooth | ID=BTHLEDEVICE\{53527AA4-29F7-AE11-4E74-997334782568}_DEV_VID&01248A_PID&5865_REV&1023_F061EEA2D5A0\8&1F453904&0&003A
2026-03-06 00:32:42,185 [INFO] ui.power_cycle -   - 名称=HUAWEI FreeBuds 5i Avrcp  | 状态=OK | MAC=00:80:5F:9B:34:FB | Class=Bluetooth | ID=BTHENUM\{0000110C-0000-1000-8000-00805F9B34FB}_VID&000102B0_PID&0000\7&3B5EF62B&1&145120FFA114_C00000000
2026-03-06 00:32:42,186 [INFO] ui.power_cycle -   - 名称=Χ豸 | 状态=OK | MAC=00:80:5F:9B:34:FB | Class=- | ID=BTHENUM\{0000E003-0000-1000-8000-00805F9B34FB}_VID&000103E0_PID&301B\7&3B5EF62B&1&F44EFE00114C_C00000000
2026-03-06 00:32:42,186 [INFO] ui.power_cycle -   - 名称=HUAWEI FreeBuds 5i | 状态=OK | MAC=14:51:20:FF:A1:14 | Class=Bluetooth | ID=BTHENUM\DEV_145120FFA114\7&3B5EF62B&1&BLUETOOTHDEVICE_145120FFA114
2026-03-06 00:39:01,427 [INFO] ui.power_cycle - 配置已保存。
2026-03-06 00:39:12,306 [INFO] ui.power_cycle - 仿真设置更新：万用表=开, 继电器=开, 蓝牙=关
2026-03-06 00:39:12,307 [INFO] ui.power_cycle - 串口刷新完成，共发现 0 个端口。
2026-03-06 00:39:28,247 [INFO] ui.power_cycle - 检测到 2 个蓝牙相关设备（来源: 真实已配对蓝牙）：
2026-03-06 00:39:28,248 [INFO] ui.power_cycle -   - 名称=TONEMAC HS1 | 状态=OK | MAC=F4:4E:FE:00:11:4C | Class=Bluetooth | ID=BTHENUM\DEV_F44EFE00114C\7&3B5EF62B&1&BLUETOOTHDEVICE_F44EFE00114C
2026-03-06 00:39:28,249 [INFO] ui.power_cycle -   - 名称=HUAWEI FreeBuds 5i | 状态=OK | MAC=14:51:20:FF:A1:14 | Class=Bluetooth | ID=BTHENUM\DEV_145120FFA114\7&3B5EF62B&1&BLUETOOTHDEVICE_145120FFA114
2026-03-06 00:40:34,515 [INFO] ui.power_cycle - 检测到 2 个蓝牙相关设备（来源: 真实已配对蓝牙）：
2026-03-06 00:40:34,515 [INFO] ui.power_cycle -   - 名称=TONEMAC HS1 | 状态=OK | MAC=F4:4E:FE:00:11:4C | Class=Bluetooth | ID=BTHENUM\DEV_F44EFE00114C\7&3B5EF62B&1&BLUETOOTHDEVICE_F44EFE00114C
2026-03-06 00:40:34,516 [INFO] ui.power_cycle -   - 名称=HUAWEI FreeBuds 5i | 状态=OK | MAC=14:51:20:FF:A1:14 | Class=Bluetooth | ID=BTHENUM\DEV_145120FFA114\7&3B5EF62B&1&BLUETOOTHDEVICE_145120FFA114
2026-03-06 00:56:55,579 [INFO] ui.power_cycle - 检测到 2 个蓝牙相关设备（来源: 真实已配对蓝牙）：
2026-03-06 00:56:55,580 [INFO] ui.power_cycle -   - 名称=TONEMAC HS1 | 状态=OK | MAC=F4:4E:FE:00:11:4C | Class=Bluetooth | ID=BTHENUM\DEV_F44EFE00114C\7&3B5EF62B&1&BLUETOOTHDEVICE_F44EFE00114C
2026-03-06 00:56:55,581 [INFO] ui.power_cycle -   - 名称=HUAWEI FreeBuds 5i | 状态=OK | MAC=14:51:20:FF:A1:14 | Class=Bluetooth | ID=BTHENUM\DEV_145120FFA114\7&3B5EF62B&1&BLUETOOTHDEVICE_145120FFA114
2026-03-06 00:57:47,665 [INFO] ui.power_cycle - 配置已保存。
2026-03-06 00:57:47,672 [INFO] ui.power_cycle - 测试线程启动。
2026-03-06 00:57:47,677 [INFO] ui.power_cycle - 测试开始，总轮次: 100
2026-03-06 00:57:47,677 [INFO] ui.power_cycle - [第1轮] 当前继电器通道1状态: 关
2026-03-06 00:57:53,568 [WARNING] ui.power_cycle - [第1轮] 失败 | 原因: 断电验证失败: 断电状态等待超时(last: voltage=0.2, bt_connected=False)
2026-03-06 00:57:53,582 [INFO] ui.power_cycle - [第2轮] 当前继电器通道1状态: 关
2026-03-06 00:57:59,391 [WARNING] ui.power_cycle - [第2轮] 失败 | 原因: 断电验证失败: 断电状态等待超时(last: voltage=0.2, bt_connected=False)
2026-03-06 00:57:59,394 [INFO] ui.power_cycle - [第3轮] 当前继电器通道1状态: 关
2026-03-06 00:58:05,228 [WARNING] ui.power_cycle - [第3轮] 失败 | 原因: 断电验证失败: 断电状态等待超时(last: voltage=0.2, bt_connected=False)
2026-03-06 00:58:05,230 [INFO] ui.power_cycle - [第4轮] 当前继电器通道1状态: 关
2026-03-06 00:58:11,171 [WARNING] ui.power_cycle - [第4轮] 失败 | 原因: 断电验证失败: 断电状态等待超时(last: voltage=0.2, bt_connected=False)
2026-03-06 00:58:11,174 [INFO] ui.power_cycle - [第5轮] 当前继电器通道1状态: 关
2026-03-06 00:58:17,743 [WARNING] ui.power_cycle - [第5轮] 失败 | 原因: 断电验证失败: 断电状态等待超时(last: voltage=0.2, bt_connected=False)
2026-03-06 00:58:17,746 [INFO] ui.power_cycle - [第6轮] 当前继电器通道1状态: 关
2026-03-06 00:58:23,926 [WARNING] ui.power_cycle - 已请求停止测试。
2026-03-06 00:58:24,373 [WARNING] ui.power_cycle - 收到停止请求，退出测试循环。
2026-03-06 00:58:24,374 [INFO] ui.power_cycle - 测试结束：成功 0，失败 5，成功率 0.00%
2026-03-06 00:58:24,375 [INFO] ui.power_cycle - 测试完成。成功 0，失败 5，成功率 0.00%
2026-03-06 00:58:31,138 [INFO] ui.power_cycle - 仿真设置更新：万用表=开, 继电器=开, 蓝牙=开
2026-03-06 00:58:38,796 [INFO] ui.power_cycle - 配置已保存。
2026-03-06 00:58:38,803 [INFO] ui.power_cycle - 测试线程启动。
2026-03-06 00:58:38,808 [INFO] ui.power_cycle - 测试开始，总轮次: 100
2026-03-06 00:58:38,808 [INFO] ui.power_cycle - [第1轮] 当前继电器通道1状态: 关
2026-03-06 00:58:39,007 [INFO] ui.power_cycle - 断电状态确认通过: 电压=0.200V, 蓝牙=未连接
2026-03-06 00:58:40,015 [INFO] ui.power_cycle - 执行上电: 通道1上电命令已发送。
2026-03-06 00:58:45,067 [WARNING] ui.power_cycle - [第1轮] 失败 | 原因: 上电验证失败: 上电状态等待超时(last: voltage=4.9, bt_connected=False)
2026-03-06 00:58:45,075 [INFO] ui.power_cycle - [第2轮] 当前继电器通道1状态: 开
2026-03-06 00:58:45,076 [INFO] ui.power_cycle - 执行断电准备: 通道1断电命令已发送。
2026-03-06 00:58:45,369 [INFO] ui.power_cycle - 断电状态确认通过: 电压=0.200V, 蓝牙=未连接
2026-03-06 00:58:46,377 [INFO] ui.power_cycle - 执行上电: 通道1上电命令已发送。
2026-03-06 00:58:49,380 [WARNING] ui.power_cycle - 已请求停止测试。
2026-03-06 00:58:49,407 [WARNING] ui.power_cycle - 收到停止请求，退出测试循环。
2026-03-06 00:58:49,407 [INFO] ui.power_cycle - 测试结束：成功 0，失败 1，成功率 0.00%
2026-03-06 00:58:49,407 [INFO] ui.power_cycle - 测试完成。成功 0，失败 1，成功率 0.00%
2026-03-06 00:59:30,488 [INFO] ui.power_cycle - 配置已保存。
2026-03-06 00:59:30,499 [INFO] ui.power_cycle - 测试线程启动。
2026-03-06 00:59:30,506 [INFO] ui.power_cycle - 测试开始，总轮次: 100
2026-03-06 00:59:30,506 [INFO] ui.power_cycle - [第1轮] 当前继电器通道1状态: 开
2026-03-06 00:59:30,507 [INFO] ui.power_cycle - 执行断电准备: 通道1断电命令已发送。
2026-03-06 00:59:31,004 [INFO] ui.power_cycle - 断电状态确认通过: 电压=0.200V, 蓝牙=未连接
2026-03-06 00:59:32,012 [INFO] ui.power_cycle - 执行上电: 通道1上电命令已发送。
2026-03-06 00:59:32,415 [INFO] ui.power_cycle - 上电状态确认通过: 电压=4.900V, 蓝牙=已连接
2026-03-06 00:59:32,416 [INFO] ui.power_cycle - [第1轮] 通过 | 断电电压=0.2, 上电电压=4.9
2026-03-06 00:59:32,419 [INFO] ui.power_cycle - [第2轮] 当前继电器通道1状态: 开
2026-03-06 00:59:32,419 [INFO] ui.power_cycle - 执行断电准备: 通道1断电命令已发送。
2026-03-06 00:59:32,920 [INFO] ui.power_cycle - 断电状态确认通过: 电压=0.200V, 蓝牙=未连接
2026-03-06 00:59:33,926 [INFO] ui.power_cycle - 执行上电: 通道1上电命令已发送。
2026-03-06 00:59:34,332 [INFO] ui.power_cycle - 上电状态确认通过: 电压=4.900V, 蓝牙=已连接
2026-03-06 00:59:34,333 [INFO] ui.power_cycle - [第2轮] 通过 | 断电电压=0.2, 上电电压=4.9
2026-03-06 00:59:34,338 [INFO] ui.power_cycle - [第3轮] 当前继电器通道1状态: 开
2026-03-06 00:59:34,338 [INFO] ui.power_cycle - 执行断电准备: 通道1断电命令已发送。
2026-03-06 00:59:34,836 [INFO] ui.power_cycle - 断电状态确认通过: 电压=0.200V, 蓝牙=未连接
2026-03-06 00:59:35,840 [INFO] ui.power_cycle - 执行上电: 通道1上电命令已发送。
2026-03-06 00:59:36,243 [INFO] ui.power_cycle - 上电状态确认通过: 电压=4.900V, 蓝牙=已连接
2026-03-06 00:59:36,244 [INFO] ui.power_cycle - [第3轮] 通过 | 断电电压=0.2, 上电电压=4.9
2026-03-06 00:59:36,250 [INFO] ui.power_cycle - [第4轮] 当前继电器通道1状态: 开
2026-03-06 00:59:36,250 [INFO] ui.power_cycle - 执行断电准备: 通道1断电命令已发送。
2026-03-06 00:59:36,748 [INFO] ui.power_cycle - 断电状态确认通过: 电压=0.200V, 蓝牙=未连接
2026-03-06 00:59:37,756 [INFO] ui.power_cycle - 执行上电: 通道1上电命令已发送。
2026-03-06 00:59:38,160 [INFO] ui.power_cycle - 上电状态确认通过: 电压=4.900V, 蓝牙=已连接
2026-03-06 00:59:38,161 [INFO] ui.power_cycle - [第4轮] 通过 | 断电电压=0.2, 上电电压=4.9
2026-03-06 00:59:38,162 [INFO] ui.power_cycle - [第5轮] 当前继电器通道1状态: 开
2026-03-06 00:59:38,162 [INFO] ui.power_cycle - 执行断电准备: 通道1断电命令已发送。
2026-03-06 00:59:38,663 [INFO] ui.power_cycle - 断电状态确认通过: 电压=0.200V, 蓝牙=未连接
2026-03-06 00:59:39,668 [INFO] ui.power_cycle - 执行上电: 通道1上电命令已发送。
2026-03-06 00:59:40,071 [INFO] ui.power_cycle - 上电状态确认通过: 电压=4.900V, 蓝牙=已连接
2026-03-06 00:59:40,072 [INFO] ui.power_cycle - [第5轮] 通过 | 断电电压=0.2, 上电电压=4.9
2026-03-06 00:59:40,079 [INFO] ui.power_cycle - [第6轮] 当前继电器通道1状态: 开
2026-03-06 00:59:40,079 [INFO] ui.power_cycle - 执行断电准备: 通道1断电命令已发送。
2026-03-06 00:59:40,576 [INFO] ui.power_cycle - 断电状态确认通过: 电压=0.200V, 蓝牙=未连接
2026-03-06 00:59:41,585 [INFO] ui.power_cycle - 执行上电: 通道1上电命令已发送。
2026-03-06 00:59:41,988 [INFO] ui.power_cycle - 上电状态确认通过: 电压=4.900V, 蓝牙=已连接
2026-03-06 00:59:41,989 [INFO] ui.power_cycle - [第6轮] 通过 | 断电电压=0.2, 上电电压=4.9
2026-03-06 00:59:41,995 [INFO] ui.power_cycle - [第7轮] 当前继电器通道1状态: 开
2026-03-06 00:59:41,995 [INFO] ui.power_cycle - 执行断电准备: 通道1断电命令已发送。
2026-03-06 00:59:42,492 [INFO] ui.power_cycle - 断电状态确认通过: 电压=0.200V, 蓝牙=未连接
2026-03-06 00:59:43,499 [INFO] ui.power_cycle - 执行上电: 通道1上电命令已发送。
2026-03-06 00:59:43,902 [INFO] ui.power_cycle - 上电状态确认通过: 电压=4.900V, 蓝牙=已连接
2026-03-06 00:59:43,903 [INFO] ui.power_cycle - [第7轮] 通过 | 断电电压=0.2, 上电电压=4.9
2026-03-06 00:59:43,908 [INFO] ui.power_cycle - [第8轮] 当前继电器通道1状态: 开
2026-03-06 00:59:43,908 [INFO] ui.power_cycle - 执行断电准备: 通道1断电命令已发送。
2026-03-06 00:59:44,411 [INFO] ui.power_cycle - 断电状态确认通过: 电压=0.200V, 蓝牙=未连接
2026-03-06 00:59:45,416 [INFO] ui.power_cycle - 执行上电: 通道1上电命令已发送。
2026-03-06 00:59:45,819 [INFO] ui.power_cycle - 上电状态确认通过: 电压=4.900V, 蓝牙=已连接
2026-03-06 00:59:45,820 [INFO] ui.power_cycle - [第8轮] 通过 | 断电电压=0.2, 上电电压=4.9
2026-03-06 00:59:45,823 [INFO] ui.power_cycle - [第9轮] 当前继电器通道1状态: 开
2026-03-06 00:59:45,823 [INFO] ui.power_cycle - 执行断电准备: 通道1断电命令已发送。
2026-03-06 00:59:46,323 [INFO] ui.power_cycle - 断电状态确认通过: 电压=0.200V, 蓝牙=未连接
2026-03-06 00:59:47,329 [INFO] ui.power_cycle - 执行上电: 通道1上电命令已发送。
2026-03-06 00:59:47,734 [INFO] ui.power_cycle - 上电状态确认通过: 电压=4.900V, 蓝牙=已连接
2026-03-06 00:59:47,735 [INFO] ui.power_cycle - [第9轮] 通过 | 断电电压=0.2, 上电电压=4.9
2026-03-06 00:59:47,740 [INFO] ui.power_cycle - [第10轮] 当前继电器通道1状态: 开
2026-03-06 00:59:47,740 [INFO] ui.power_cycle - 执行断电准备: 通道1断电命令已发送。
2026-03-06 00:59:48,237 [INFO] ui.power_cycle - 断电状态确认通过: 电压=0.200V, 蓝牙=未连接
2026-03-06 00:59:49,243 [INFO] ui.power_cycle - 执行上电: 通道1上电命令已发送。
2026-03-06 00:59:49,648 [INFO] ui.power_cycle - 上电状态确认通过: 电压=4.900V, 蓝牙=已连接
2026-03-06 00:59:49,649 [INFO] ui.power_cycle - [第10轮] 通过 | 断电电压=0.2, 上电电压=4.9
2026-03-06 00:59:49,652 [INFO] ui.power_cycle - [第11轮] 当前继电器通道1状态: 开
2026-03-06 00:59:49,652 [INFO] ui.power_cycle - 执行断电准备: 通道1断电命令已发送。
2026-03-06 00:59:50,151 [INFO] ui.power_cycle - 断电状态确认通过: 电压=0.200V, 蓝牙=未连接
2026-03-06 00:59:51,157 [INFO] ui.power_cycle - 执行上电: 通道1上电命令已发送。
2026-03-06 00:59:51,560 [INFO] ui.power_cycle - 上电状态确认通过: 电压=4.900V, 蓝牙=已连接
2026-03-06 00:59:51,561 [INFO] ui.power_cycle - [第11轮] 通过 | 断电电压=0.2, 上电电压=4.9
2026-03-06 00:59:51,563 [INFO] ui.power_cycle - [第12轮] 当前继电器通道1状态: 开
2026-03-06 00:59:51,564 [INFO] ui.power_cycle - 执行断电准备: 通道1断电命令已发送。
2026-03-06 00:59:52,064 [INFO] ui.power_cycle - 断电状态确认通过: 电压=0.200V, 蓝牙=未连接
2026-03-06 00:59:52,932 [WARNING] ui.power_cycle - 已请求停止测试。
2026-03-06 00:59:52,971 [WARNING] ui.power_cycle - 收到停止请求，退出测试循环。
2026-03-06 00:59:52,972 [INFO] ui.power_cycle - 测试结束：成功 11，失败 0，成功率 100.00%
2026-03-06 00:59:52,973 [INFO] ui.power_cycle - 测试完成。成功 11，失败 0，成功率 100.00%
2026-03-06 00:59:55,370 [INFO] ui.power_cycle - 仿真设置更新：万用表=开, 继电器=开, 蓝牙=关
2026-03-06 01:00:40,912 [INFO] ui.power_cycle - 配置已保存。
2026-03-06 01:00:40,921 [INFO] ui.power_cycle - 测试线程启动。
2026-03-06 01:00:40,926 [INFO] ui.power_cycle - 测试开始，总轮次: 100
2026-03-06 01:00:40,927 [INFO] ui.power_cycle - [第1轮] 当前继电器通道1状态: 关
2026-03-06 01:00:47,651 [WARNING] ui.power_cycle - [第1轮] 失败 | 原因: 断电验证失败: 断电状态等待超时(last: voltage=0.2, bt_connected=False)
2026-03-06 01:00:47,654 [INFO] ui.power_cycle - [第2轮] 当前继电器通道1状态: 关
2026-03-06 01:00:54,521 [WARNING] ui.power_cycle - [第2轮] 失败 | 原因: 断电验证失败: 断电状态等待超时(last: voltage=0.2, bt_connected=False)
2026-03-06 01:00:54,524 [INFO] ui.power_cycle - [第3轮] 当前继电器通道1状态: 关
2026-03-06 01:01:01,258 [WARNING] ui.power_cycle - [第3轮] 失败 | 原因: 断电验证失败: 断电状态等待超时(last: voltage=0.2, bt_connected=False)
2026-03-06 01:01:01,261 [INFO] ui.power_cycle - [第4轮] 当前继电器通道1状态: 关
2026-03-06 01:01:08,257 [WARNING] ui.power_cycle - [第4轮] 失败 | 原因: 断电验证失败: 断电状态等待超时(last: voltage=0.2, bt_connected=False)
2026-03-06 01:01:08,261 [INFO] ui.power_cycle - [第5轮] 当前继电器通道1状态: 关
2026-03-06 01:01:15,107 [WARNING] ui.power_cycle - [第5轮] 失败 | 原因: 断电验证失败: 断电状态等待超时(last: voltage=0.2, bt_connected=False)
2026-03-06 01:01:15,110 [INFO] ui.power_cycle - [第6轮] 当前继电器通道1状态: 关
2026-03-06 01:01:21,885 [WARNING] ui.power_cycle - [第6轮] 失败 | 原因: 断电验证失败: 断电状态等待超时(last: voltage=0.2, bt_connected=False)
2026-03-06 01:01:21,889 [INFO] ui.power_cycle - [第7轮] 当前继电器通道1状态: 关
2026-03-06 01:01:29,012 [WARNING] ui.power_cycle - [第7轮] 失败 | 原因: 断电验证失败: 断电状态等待超时(last: voltage=0.2, bt_connected=False)
2026-03-06 01:01:29,013 [INFO] ui.power_cycle - [第8轮] 当前继电器通道1状态: 关
2026-03-06 01:01:31,878 [WARNING] ui.power_cycle - 已请求停止测试。
2026-03-06 01:01:35,714 [WARNING] ui.power_cycle - 收到停止请求，退出测试循环。
2026-03-06 01:01:35,715 [INFO] ui.power_cycle - 测试结束：成功 0，失败 7，成功率 0.00%
2026-03-06 01:01:35,716 [INFO] ui.power_cycle - 测试完成。成功 0，失败 7，成功率 0.00%
2026-03-06 01:01:54,854 [INFO] ui.power_cycle - 检测到 2 个蓝牙相关设备（来源: 真实已配对蓝牙）：
2026-03-06 01:01:54,855 [INFO] ui.power_cycle -   - 名称=TONEMAC HS1 | 状态=OK | MAC=F4:4E:FE:00:11:4C | Class=Bluetooth | ID=BTHENUM\DEV_F44EFE00114C\7&3B5EF62B&1&BLUETOOTHDEVICE_F44EFE00114C
2026-03-06 01:01:54,856 [INFO] ui.power_cycle -   - 名称=HUAWEI FreeBuds 5i | 状态=OK | MAC=14:51:20:FF:A1:14 | Class=Bluetooth | ID=BTHENUM\DEV_145120FFA114\7&3B5EF62B&1&BLUETOOTHDEVICE_145120FFA114
2026-03-06 01:02:25,147 [INFO] ui.power_cycle - 配置已保存。
2026-03-06 01:02:25,155 [INFO] ui.power_cycle - 测试线程启动。
2026-03-06 01:02:25,161 [INFO] ui.power_cycle - 测试开始，总轮次: 100
2026-03-06 01:02:25,161 [INFO] ui.power_cycle - [第1轮] 当前继电器通道1状态: 关
2026-03-06 01:02:31,047 [WARNING] ui.power_cycle - [第1轮] 失败 | 原因: 断电验证失败: 断电状态等待超时(last: voltage=0.2, bt_connected=True)
2026-03-06 01:02:31,052 [INFO] ui.power_cycle - [第2轮] 当前继电器通道1状态: 关
2026-03-06 01:02:37,001 [WARNING] ui.power_cycle - [第2轮] 失败 | 原因: 断电验证失败: 断电状态等待超时(last: voltage=0.2, bt_connected=True)
2026-03-06 01:02:37,005 [INFO] ui.power_cycle - [第3轮] 当前继电器通道1状态: 关
2026-03-06 01:02:40,089 [WARNING] ui.power_cycle - 已请求停止测试。
2026-03-06 01:02:43,165 [WARNING] ui.power_cycle - 收到停止请求，退出测试循环。
2026-03-06 01:02:43,165 [INFO] ui.power_cycle - 测试结束：成功 0，失败 2，成功率 0.00%
2026-03-06 01:02:43,166 [INFO] ui.power_cycle - 测试完成。成功 0，失败 2，成功率 0.00%
2026-03-06 01:03:07,725 [INFO] ui.power_cycle - 配置已保存。
2026-03-06 01:03:07,730 [INFO] ui.power_cycle - 测试线程启动。
2026-03-06 01:03:07,730 [INFO] ui.power_cycle - 测试开始，总轮次: 100
2026-03-06 01:03:07,730 [INFO] ui.power_cycle - [第1轮] 当前继电器通道1状态: 关
2026-03-06 01:03:14,488 [WARNING] ui.power_cycle - [第1轮] 失败 | 原因: 断电验证失败: 断电状态等待超时(last: voltage=0.2, bt_connected=True)
2026-03-06 01:03:14,490 [INFO] ui.power_cycle - [第2轮] 当前继电器通道1状态: 关
2026-03-06 01:03:21,760 [WARNING] ui.power_cycle - [第2轮] 失败 | 原因: 断电验证失败: 断电状态等待超时(last: voltage=0.2, bt_connected=True)
2026-03-06 01:03:21,760 [INFO] ui.power_cycle - [第3轮] 当前继电器通道1状态: 关
2026-03-06 01:03:29,189 [WARNING] ui.power_cycle - [第3轮] 失败 | 原因: 断电验证失败: 断电状态等待超时(last: voltage=0.2, bt_connected=True)
2026-03-06 01:03:29,189 [INFO] ui.power_cycle - [第4轮] 当前继电器通道1状态: 关
2026-03-06 01:03:35,987 [WARNING] ui.power_cycle - [第4轮] 失败 | 原因: 断电验证失败: 断电状态等待超时(last: voltage=0.2, bt_connected=True)
2026-03-06 01:03:35,993 [INFO] ui.power_cycle - [第5轮] 当前继电器通道1状态: 关
2026-03-06 01:03:42,708 [WARNING] ui.power_cycle - [第5轮] 失败 | 原因: 断电验证失败: 断电状态等待超时(last: voltage=0.2, bt_connected=True)
2026-03-06 01:03:42,717 [INFO] ui.power_cycle - [第6轮] 当前继电器通道1状态: 关
2026-03-06 01:03:49,404 [WARNING] ui.power_cycle - [第6轮] 失败 | 原因: 断电验证失败: 断电状态等待超时(last: voltage=0.2, bt_connected=True)
2026-03-06 01:03:49,410 [INFO] ui.power_cycle - [第7轮] 当前继电器通道1状态: 关
2026-03-06 01:03:55,971 [WARNING] ui.power_cycle - [第7轮] 失败 | 原因: 断电验证失败: 断电状态等待超时(last: voltage=0.2, bt_connected=True)
2026-03-06 01:03:55,979 [INFO] ui.power_cycle - [第8轮] 当前继电器通道1状态: 关
2026-03-06 01:04:02,718 [WARNING] ui.power_cycle - [第8轮] 失败 | 原因: 断电验证失败: 断电状态等待超时(last: voltage=0.2, bt_connected=True)
2026-03-06 01:04:02,723 [INFO] ui.power_cycle - [第9轮] 当前继电器通道1状态: 关
2026-03-06 01:04:03,549 [WARNING] ui.power_cycle - 已请求停止测试。
2026-03-06 01:04:09,361 [WARNING] ui.power_cycle - 收到停止请求，退出测试循环。
2026-03-06 01:04:09,362 [INFO] ui.power_cycle - 测试结束：成功 0，失败 8，成功率 0.00%
2026-03-06 01:04:09,363 [INFO] ui.power_cycle - 测试完成。成功 0，失败 8，成功率 0.00%
2026-03-06 01:04:24,543 [INFO] ui.power_cycle - 配置已保存。
2026-03-06 01:04:24,551 [INFO] ui.power_cycle - 测试线程启动。
2026-03-06 01:04:24,556 [INFO] ui.power_cycle - 测试开始，总轮次: 100
2026-03-06 01:04:24,557 [INFO] ui.power_cycle - [第1轮] 当前继电器通道1状态: 关
2026-03-06 01:04:31,360 [WARNING] ui.power_cycle - [第1轮] 失败 | 原因: 断电验证失败: 断电状态等待超时(last: voltage=0.2, bt_connected=True)
2026-03-06 01:04:31,363 [INFO] ui.power_cycle - [第2轮] 当前继电器通道1状态: 关
2026-03-06 01:04:38,130 [WARNING] ui.power_cycle - [第2轮] 失败 | 原因: 断电验证失败: 断电状态等待超时(last: voltage=0.2, bt_connected=True)
2026-03-06 01:04:38,134 [INFO] ui.power_cycle - [第3轮] 当前继电器通道1状态: 关
2026-03-06 01:04:44,111 [WARNING] ui.power_cycle - [第3轮] 失败 | 原因: 断电验证失败: 断电状态等待超时(last: voltage=0.2, bt_connected=True)
2026-03-06 01:04:44,115 [INFO] ui.power_cycle - [第4轮] 当前继电器通道1状态: 关
2026-03-06 01:04:46,779 [WARNING] ui.power_cycle - 已请求停止测试。
2026-03-06 01:04:50,674 [WARNING] ui.power_cycle - 收到停止请求，退出测试循环。
2026-03-06 01:04:50,675 [INFO] ui.power_cycle - 测试结束：成功 0，失败 3，成功率 0.00%
2026-03-06 01:04:50,676 [INFO] ui.power_cycle - 测试完成。成功 0，失败 3，成功率 0.00%
2026-03-06 01:04:52,863 [INFO] ui.power_cycle - 配置已保存。
2026-03-06 01:04:52,868 [INFO] ui.power_cycle - 测试线程启动。
2026-03-06 01:04:52,868 [INFO] ui.power_cycle - 测试开始，总轮次: 100
2026-03-06 01:04:52,868 [INFO] ui.power_cycle - [第1轮] 当前继电器通道1状态: 关
2026-03-06 01:04:59,826 [WARNING] ui.power_cycle - [第1轮] 失败 | 原因: 断电验证失败: 断电状态等待超时(last: voltage=0.2, bt_connected=False)
2026-03-06 01:04:59,826 [INFO] ui.power_cycle - [第2轮] 当前继电器通道1状态: 关
2026-03-06 01:05:06,574 [WARNING] ui.power_cycle - [第2轮] 失败 | 原因: 断电验证失败: 断电状态等待超时(last: voltage=0.2, bt_connected=False)
2026-03-06 01:05:06,581 [INFO] ui.power_cycle - [第3轮] 当前继电器通道1状态: 关
2026-03-06 01:05:13,406 [WARNING] ui.power_cycle - [第3轮] 失败 | 原因: 断电验证失败: 断电状态等待超时(last: voltage=0.2, bt_connected=False)
2026-03-06 01:05:13,409 [INFO] ui.power_cycle - [第4轮] 当前继电器通道1状态: 关
2026-03-06 01:05:19,334 [WARNING] ui.power_cycle - [第4轮] 失败 | 原因: 断电验证失败: 断电状态等待超时(last: voltage=0.2, bt_connected=False)
2026-03-06 01:05:19,338 [INFO] ui.power_cycle - [第5轮] 当前继电器通道1状态: 关
2026-03-06 01:05:20,561 [WARNING] ui.power_cycle - 已请求停止测试。
2026-03-06 01:05:25,212 [WARNING] ui.power_cycle - 收到停止请求，退出测试循环。
2026-03-06 01:05:25,212 [INFO] ui.power_cycle - 测试结束：成功 0，失败 4，成功率 0.00%
2026-03-06 01:05:25,213 [INFO] ui.power_cycle - 测试完成。成功 0，失败 4，成功率 0.00%
2026-03-06 01:05:29,077 [INFO] ui.power_cycle - 配置已保存。
2026-03-06 01:05:29,077 [INFO] ui.power_cycle - 测试线程启动。
2026-03-06 01:05:29,087 [INFO] ui.power_cycle - 测试开始，总轮次: 100
2026-03-06 01:05:29,088 [INFO] ui.power_cycle - [第1轮] 当前继电器通道1状态: 关
2026-03-06 01:05:35,181 [WARNING] ui.power_cycle - [第1轮] 失败 | 原因: 断电验证失败: 断电状态等待超时(last: voltage=0.2, bt_connected=True)
2026-03-06 01:05:35,185 [INFO] ui.power_cycle - [第2轮] 当前继电器通道1状态: 关
2026-03-06 01:05:41,304 [WARNING] ui.power_cycle - [第2轮] 失败 | 原因: 断电验证失败: 断电状态等待超时(last: voltage=0.2, bt_connected=True)
2026-03-06 01:05:41,310 [INFO] ui.power_cycle - [第3轮] 当前继电器通道1状态: 关
2026-03-06 01:05:47,875 [WARNING] ui.power_cycle - [第3轮] 失败 | 原因: 断电验证失败: 断电状态等待超时(last: voltage=0.2, bt_connected=True)
2026-03-06 01:05:47,881 [INFO] ui.power_cycle - [第4轮] 当前继电器通道1状态: 关
2026-03-06 01:05:54,665 [WARNING] ui.power_cycle - [第4轮] 失败 | 原因: 断电验证失败: 断电状态等待超时(last: voltage=0.2, bt_connected=True)
2026-03-06 01:05:54,671 [INFO] ui.power_cycle - [第5轮] 当前继电器通道1状态: 关
2026-03-06 01:06:01,379 [WARNING] ui.power_cycle - [第5轮] 失败 | 原因: 断电验证失败: 断电状态等待超时(last: voltage=0.2, bt_connected=True)
2026-03-06 01:06:01,381 [INFO] ui.power_cycle - [第6轮] 当前继电器通道1状态: 关
2026-03-06 01:06:07,343 [WARNING] ui.power_cycle - [第6轮] 失败 | 原因: 断电验证失败: 断电状态等待超时(last: voltage=0.2, bt_connected=True)
2026-03-06 01:06:07,348 [INFO] ui.power_cycle - [第7轮] 当前继电器通道1状态: 关
2026-03-06 01:06:13,908 [WARNING] ui.power_cycle - [第7轮] 失败 | 原因: 断电验证失败: 断电状态等待超时(last: voltage=0.2, bt_connected=True)
2026-03-06 01:06:13,908 [INFO] ui.power_cycle - [第8轮] 当前继电器通道1状态: 关
2026-03-06 01:06:21,056 [WARNING] ui.power_cycle - [第8轮] 失败 | 原因: 断电验证失败: 断电状态等待超时(last: voltage=0.2, bt_connected=True)
2026-03-06 01:06:21,056 [INFO] ui.power_cycle - [第9轮] 当前继电器通道1状态: 关
2026-03-06 01:06:28,104 [WARNING] ui.power_cycle - [第9轮] 失败 | 原因: 断电验证失败: 断电状态等待超时(last: voltage=0.2, bt_connected=True)
2026-03-06 01:06:28,109 [INFO] ui.power_cycle - [第10轮] 当前继电器通道1状态: 关
2026-03-06 01:06:34,817 [WARNING] ui.power_cycle - [第10轮] 失败 | 原因: 断电验证失败: 断电状态等待超时(last: voltage=0.2, bt_connected=True)
2026-03-06 01:06:34,825 [INFO] ui.power_cycle - [第11轮] 当前继电器通道1状态: 关
2026-03-06 01:06:41,731 [WARNING] ui.power_cycle - [第11轮] 失败 | 原因: 断电验证失败: 断电状态等待超时(last: voltage=0.2, bt_connected=True)
2026-03-06 01:06:41,739 [INFO] ui.power_cycle - [第12轮] 当前继电器通道1状态: 关
2026-03-06 01:06:48,605 [WARNING] ui.power_cycle - [第12轮] 失败 | 原因: 断电验证失败: 断电状态等待超时(last: voltage=0.2, bt_connected=True)
2026-03-06 01:06:48,621 [INFO] ui.power_cycle - [第13轮] 当前继电器通道1状态: 关
2026-03-06 01:06:55,410 [WARNING] ui.power_cycle - [第13轮] 失败 | 原因: 断电验证失败: 断电状态等待超时(last: voltage=0.2, bt_connected=True)
2026-03-06 01:06:55,415 [INFO] ui.power_cycle - [第14轮] 当前继电器通道1状态: 关
2026-03-06 01:07:02,190 [WARNING] ui.power_cycle - [第14轮] 失败 | 原因: 断电验证失败: 断电状态等待超时(last: voltage=0.2, bt_connected=True)
2026-03-06 01:07:02,196 [INFO] ui.power_cycle - [第15轮] 当前继电器通道1状态: 关
2026-03-06 01:07:08,080 [WARNING] ui.power_cycle - [第15轮] 失败 | 原因: 断电验证失败: 断电状态等待超时(last: voltage=0.2, bt_connected=True)
2026-03-06 01:07:08,094 [INFO] ui.power_cycle - [第16轮] 当前继电器通道1状态: 关
2026-03-06 01:07:14,018 [WARNING] ui.power_cycle - [第16轮] 失败 | 原因: 断电验证失败: 断电状态等待超时(last: voltage=0.2, bt_connected=True)
2026-03-06 01:07:14,025 [INFO] ui.power_cycle - [第17轮] 当前继电器通道1状态: 关
2026-03-06 01:07:20,577 [WARNING] ui.power_cycle - [第17轮] 失败 | 原因: 断电验证失败: 断电状态等待超时(last: voltage=0.2, bt_connected=True)
2026-03-06 01:07:20,585 [INFO] ui.power_cycle - [第18轮] 当前继电器通道1状态: 关
2026-03-06 01:07:27,219 [WARNING] ui.power_cycle - [第18轮] 失败 | 原因: 断电验证失败: 断电状态等待超时(last: voltage=0.2, bt_connected=True)
2026-03-06 01:07:27,230 [INFO] ui.power_cycle - [第19轮] 当前继电器通道1状态: 关
2026-03-06 01:07:34,007 [WARNING] ui.power_cycle - [第19轮] 失败 | 原因: 断电验证失败: 断电状态等待超时(last: voltage=0.2, bt_connected=True)
2026-03-06 01:07:34,013 [INFO] ui.power_cycle - [第20轮] 当前继电器通道1状态: 关
2026-03-06 01:07:40,848 [WARNING] ui.power_cycle - [第20轮] 失败 | 原因: 断电验证失败: 断电状态等待超时(last: voltage=0.2, bt_connected=True)
2026-03-06 01:07:40,855 [INFO] ui.power_cycle - [第21轮] 当前继电器通道1状态: 关
2026-03-06 01:07:46,698 [WARNING] ui.power_cycle - [第21轮] 失败 | 原因: 断电验证失败: 断电状态等待超时(last: voltage=0.2, bt_connected=True)
2026-03-06 01:07:46,704 [INFO] ui.power_cycle - [第22轮] 当前继电器通道1状态: 关
2026-03-06 01:07:52,668 [WARNING] ui.power_cycle - [第22轮] 失败 | 原因: 断电验证失败: 断电状态等待超时(last: voltage=0.2, bt_connected=True)
2026-03-06 01:07:52,674 [INFO] ui.power_cycle - [第23轮] 当前继电器通道1状态: 关
2026-03-06 01:07:58,952 [WARNING] ui.power_cycle - [第23轮] 失败 | 原因: 断电验证失败: 断电状态等待超时(last: voltage=0.2, bt_connected=True)
2026-03-06 01:07:58,963 [INFO] ui.power_cycle - [第24轮] 当前继电器通道1状态: 关
2026-03-06 01:08:05,804 [WARNING] ui.power_cycle - [第24轮] 失败 | 原因: 断电验证失败: 断电状态等待超时(last: voltage=0.2, bt_connected=True)
2026-03-06 01:08:05,815 [INFO] ui.power_cycle - [第25轮] 当前继电器通道1状态: 关
2026-03-06 01:08:12,741 [WARNING] ui.power_cycle - [第25轮] 失败 | 原因: 断电验证失败: 断电状态等待超时(last: voltage=0.2, bt_connected=True)
2026-03-06 01:08:12,747 [INFO] ui.power_cycle - [第26轮] 当前继电器通道1状态: 关
2026-03-06 01:08:19,570 [WARNING] ui.power_cycle - [第26轮] 失败 | 原因: 断电验证失败: 断电状态等待超时(last: voltage=0.2, bt_connected=True)
2026-03-06 01:08:19,578 [INFO] ui.power_cycle - [第27轮] 当前继电器通道1状态: 关
2026-03-06 01:08:26,552 [WARNING] ui.power_cycle - [第27轮] 失败 | 原因: 断电验证失败: 断电状态等待超时(last: voltage=0.2, bt_connected=True)
2026-03-06 01:08:26,552 [INFO] ui.power_cycle - [第28轮] 当前继电器通道1状态: 关
2026-03-06 01:08:33,601 [WARNING] ui.power_cycle - [第28轮] 失败 | 原因: 断电验证失败: 断电状态等待超时(last: voltage=0.2, bt_connected=True)
2026-03-06 01:08:33,609 [INFO] ui.power_cycle - [第29轮] 当前继电器通道1状态: 关
2026-03-06 01:08:40,624 [WARNING] ui.power_cycle - [第29轮] 失败 | 原因: 断电验证失败: 断电状态等待超时(last: voltage=0.2, bt_connected=True)
2026-03-06 01:08:40,632 [INFO] ui.power_cycle - [第30轮] 当前继电器通道1状态: 关
2026-03-06 01:08:46,532 [WARNING] ui.power_cycle - [第30轮] 失败 | 原因: 断电验证失败: 断电状态等待超时(last: voltage=0.2, bt_connected=True)
2026-03-06 01:08:46,538 [INFO] ui.power_cycle - [第31轮] 当前继电器通道1状态: 关
2026-03-06 01:08:52,481 [WARNING] ui.power_cycle - [第31轮] 失败 | 原因: 断电验证失败: 断电状态等待超时(last: voltage=0.2, bt_connected=True)
2026-03-06 01:08:52,488 [INFO] ui.power_cycle - [第32轮] 当前继电器通道1状态: 关
2026-03-06 01:08:58,444 [WARNING] ui.power_cycle - [第32轮] 失败 | 原因: 断电验证失败: 断电状态等待超时(last: voltage=0.2, bt_connected=True)
2026-03-06 01:08:58,450 [INFO] ui.power_cycle - [第33轮] 当前继电器通道1状态: 关
2026-03-06 01:09:01,434 [WARNING] ui.power_cycle - 已请求停止测试。
2026-03-06 01:09:04,225 [WARNING] ui.power_cycle - 收到停止请求，退出测试循环。
2026-03-06 01:09:04,226 [INFO] ui.power_cycle - 测试结束：成功 0，失败 32，成功率 0.00%
2026-03-06 01:09:04,226 [INFO] ui.power_cycle - 测试完成。成功 0，失败 32，成功率 0.00%
2026-03-06 01:10:24,485 [INFO] ui.power_cycle - 配置已保存。
2026-03-06 01:24:20,772 [INFO] ui.power_cycle - 仿真设置更新：万用表=开, 继电器=开, 蓝牙=关
2026-03-06 01:24:20,782 [INFO] ui.power_cycle - 串口刷新完成，共发现 2 个端口。
2026-03-06 01:28:24,930 [INFO] ui.power_cycle - 仿真设置更新：万用表=开, 继电器=开, 蓝牙=关
2026-03-06 01:28:24,942 [INFO] ui.power_cycle - 串口刷新完成，共发现 2 个端口。
2026-03-06 07:47:56,778 [INFO] ui.power_cycle - 仿真设置更新：万用表=开, 继电器=开, 蓝牙=关
2026-03-06 07:47:56,787 [INFO] ui.power_cycle - 串口刷新完成，共发现 2 个端口。
2026-03-06 07:48:10,402 [INFO] ui.power_cycle - 配置已保存。
2026-03-06 07:54:21,607 [INFO] ui.power_cycle - 仿真设置更新：万用表=开, 继电器=开, 蓝牙=关
2026-03-06 07:54:21,620 [INFO] ui.power_cycle - 串口刷新完成，共发现 2 个端口。
2026-03-06 07:59:48,501 [INFO] ui.power_cycle - 配置已保存。
2026-03-06 07:59:49,997 [INFO] ui.power_cycle - 仿真设置更新：万用表=开, 继电器=开, 蓝牙=关
2026-03-06 07:59:50,009 [INFO] ui.power_cycle - 串口刷新完成，共发现 2 个端口。
